-------------------- Log Start | Wed May 15 23:49:33 2024 --------------------
data_path: /home/pi/printer_data
is_default_data_path: False
config_file: /home/pi/printer_data/config/moonraker.conf
startup_warnings: []
verbose: False
debug: False
asyncio_debug: False
is_backup_config: False
is_python_package: True
instance_uuid: 215a8ff9406149558f7a7b86cec4267d
unix_socket_path: /home/pi/printer_data/comms/moonraker.sock
software_version: v0.8.0-268-ga23187b
git_branch: master
git_remote: origin
git_repo_url: https://github.com/Arksine/moonraker.git
modified_files: []
unofficial_components: []
log_file: /home/pi/printer_data/logs/moonraker.log
python_version: 3.9.2 (default, Feb 28 2021, 17:03:44)  [GCC 10.2.1 20210110]
launch_args: /home/pi/moonraker-env/bin/python /home/pi/moonraker/moonraker/__main__.py
msgspec_enabled: False
uvloop_enabled: False

#################### Moonraker Configuration ####################

[server]
host = 0.0.0.0
port = 7125
enable_debug_logging = False
max_upload_size = 1024
klippy_uds_address = home/pi/printer_data/comms/klippy.sock

[file_manager]
config_path = ~/printer_data/config
enable_object_processing = True

[authorization]
cors_domains = 
	https://my.mainsail.xyz
	http://my.mainsail.xyz
	http://app.fluidd.xyz
	http://*.local
	http://*.lan
trusted_clients = 
	10.0.0.0/8
	127.0.0.0/8
	169.254.0.0/16
	172.16.0.0/12
	192.168.1.0/24
	172.16.0.0/24
	172.17.0.15:80
	FE80::/10
	::1/128

[octoprint_compat]

[history]

[update_manager]
refresh_interval = 168
enable_auto_refresh = True
enable_repo_debug = True

[update_manager mainsail]
type = web
repo = mainsail-crew/mainsail
path = ~/mainsail

[update_manager beacon]
type = git_repo
channel = dev
path = ~/beacon_klipper
origin = https://github.com/beacon3d/beacon_klipper.git
env = ~/klippy-env/bin/python
requirements = requirements.txt
install_script = install.sh
is_system_service = False
managed_services = klipper
info_tags = 
	desc=Beacon Surface Scanner

[wled lights]
type = http
address = 192.168.1.7
initial_preset = 2
initial_red = 1
initial_green = 1
initial_blue = 1
chain_count = 115

#################################################################
All Configuration Files:
/home/pi/printer_data/config/moonraker.conf
#################################################################

Database Versions: pylmdb = 1.4.1, lmdb = (0, 9, 29)
Unsafe Shutdown Count: 4

System Info:

***python***
  version: (3, 9, 2, 'final', 0)
  version_string: 3.9.2 (default, Feb 28 2021, 17:03:44)  [GCC 10.2.1 20210110]

***cpu_info***
  cpu_count: 4
  bits: 64bit
  processor: aarch64
  cpu_desc: 
  serial_number: 735411d3
  hardware_desc: BCM2835
  model: Raspberry Pi 3 Model B Plus Rev 1.3
  total_memory: 880328
  memory_units: kB

***sd_info***
  manufacturer_id: 27
  manufacturer: Unknown
  oem_id: 5048
  product_name: SD32G
  product_revision: 6.0
  serial_number: 79550c64
  manufacturer_date: 8/2021
  capacity: 28.8 GiB
  total_bytes: 30941380608

***distribution***
  name: Debian GNU/Linux 11 (bullseye)
  id: debian
  version: 11
  version_parts: {'major': '11', 'minor': '', 'build_number': ''}
  like: 
  codename: bullseye
  release_info: {'name': 'MainsailOS', 'version_id': '1.3.2', 'codename': 'bullseye', 'id': 'mainsailos'}

***virtualization***
  virt_type: none
  virt_identifier: none

***network***

***canbus***

***Allowed Services***
  klipper_mcu
  webcamd
  MoonCord
  KlipperScreen
  moonraker-telegram-bot
  moonraker-obico
  sonar
  crowsnest
  octoeverywhere
  ratos-configurator

Systemd unit moonraker.service:
unit_name: moonraker.service
is_default: True
manager: systemd
Properties:
**Requires=['system.slice', 'network-online.target', 'sysinit.target']
**After=['network-online.target', 'basic.target', 'klipper.service', 'systemd-journald.socket', 'system.slice', 'sysinit.target']
**SupplementaryGroups=['moonraker-admin']
**EnvironmentFiles=/home/pi/printer_data/systemd/moonraker.env
**ExecStart=/home/pi/moonraker-env/bin/python $MOONRAKER_ARGS
**WorkingDirectory=
**FragmentPath=/etc/systemd/system/moonraker.service
**Description=API Server for Klipper SV1
**User=pi

Systemd unit klipper.service:
unit_name: klipper.service
is_default: True
manager: systemd
Properties:
**Requires=['sysinit.target', 'system.slice', '-.mount']
**After=['-.mount', 'system.slice', 'network-online.target', 'basic.target', 'sysinit.target', 'systemd-journald.socket']
**SupplementaryGroups=[]
**EnvironmentFiles=/home/pi/printer_data/systemd/klipper.env
**ExecStart=/home/pi/klippy-env/bin/python $KLIPPER_ARGS
**WorkingDirectory=/home/pi/klipper
**FragmentPath=/etc/systemd/system/klipper.service
**Description=Klipper 3D Printer Firmware SV1
**User=pi
Git Repo moonraker: Warnings detected:
  Repo has untracked source files: ['moonraker/components/timelapse.py']
  Multiple instances of Moonraker managing this repo:
  moonraker@37c893792c5e4af3a65b8dfa892580af
  moonraker@215a8ff9406149558f7a7b86cec4267d
Git Repo klipper: Warnings detected:
  Multiple instances of Moonraker managing this repo:
  moonraker@37c893792c5e4af3a65b8dfa892580af
  moonraker@215a8ff9406149558f7a7b86cec4267d
Git Repo beacon: Warnings detected:
  Multiple instances of Moonraker managing this repo:
  moonraker@37c893792c5e4af3a65b8dfa892580af
  moonraker@215a8ff9406149558f7a7b86cec4267d
Klipper Version: v0.12.0-85-gd785b396-dirty
CPU Throttled Flags: ['Previously Temperature Limited']
2024-05-16 00:49:33,489 [authorization.py:_check_trusted_connection()] - Trusted Connection Detected, IP: 192.168.1.8
2024-05-16 00:49:33,492 [application.py:log_request()] - 101 GET /websocket (192.168.1.8) [_TRUSTED_USER_] 4.32ms
2024-05-16 00:49:33,492 [websockets.py:open()] - Websocket Opened: ID: 548236300144, Proxied: False, User Agent: Mozilla/5.0 (Windows NT 10.0; Win64; x64) AppleWebKit/537.36 (KHTML, like Gecko) Chrome/124.0.0.0 Safari/537.36, Host Name: 192.168.1.28
2024-05-16 00:49:35,531 [file_manager.py:get_file_list()] - Updating File List <config>...
2024-05-16 00:49:35,704 [websockets.py:on_close()] - Websocket Closed: ID: 548236300144 Close Code: None, Close Reason: None, Pong Time Elapsed: 2.22
2024-05-16 00:49:37,283 [application.py:log_request()] - 101 GET /websocket (192.168.1.8) [_TRUSTED_USER_] 3.01ms
2024-05-16 00:49:37,284 [websockets.py:open()] - Websocket Opened: ID: 548236299904, Proxied: False, User Agent: Mozilla/5.0 (Windows NT 10.0; Win64; x64) AppleWebKit/537.36 (KHTML, like Gecko) Chrome/124.0.0.0 Safari/537.36, Host Name: 192.168.1.28
2024-05-16 00:49:37,315 [file_manager.py:get_file_list()] - Updating File List <config>...
2024-05-16 00:50:10,843 [application.py:log_request()] - 101 GET /websocket (192.168.1.8) [_TRUSTED_USER_] 3.27ms
2024-05-16 00:50:10,844 [websockets.py:open()] - Websocket Opened: ID: 548237077904, Proxied: True, User Agent: Mozilla/5.0 (Windows NT 10.0; Win64; x64) AppleWebKit/537.36 (KHTML, like Gecko) Chrome/124.0.0.0 Safari/537.36, Host Name: 192.168.1.28
2024-05-16 00:50:10,852 [websockets.py:_handle_identify()] - Websocket 548237077904 Client Identified - Name: mainsail, Version: 2.9.1, Type: web
2024-05-16 01:53:02,706 [authorization.py:_prune_conn_handler()] - Trusted Connection Expired, IP: 192.168.1.8
2024-05-16 01:53:02,769 [websockets.py:on_close()] - Websocket Closed: ID: 548237077904 Close Code: None, Close Reason: None, Pong Time Elapsed: 1.92
2024-05-16 01:53:02,771 [websockets.py:on_close()] - Websocket Closed: ID: 548236299904 Close Code: None, Close Reason: None, Pong Time Elapsed: 5.48
2024-05-16 01:56:30,264 [authorization.py:_check_trusted_connection()] - Trusted Connection Detected, IP: 192.168.1.8
2024-05-16 01:56:30,268 [application.py:log_request()] - 101 GET /websocket (192.168.1.8) [_TRUSTED_USER_] 6.35ms
2024-05-16 01:56:30,269 [websockets.py:open()] - Websocket Opened: ID: 548226174688, Proxied: True, User Agent: Mozilla/5.0 (Windows NT 10.0; Win64; x64) AppleWebKit/537.36 (KHTML, like Gecko) Chrome/124.0.0.0 Safari/537.36, Host Name: 192.168.1.28
2024-05-16 01:56:30,364 [websockets.py:_handle_identify()] - Websocket 548226174688 Client Identified - Name: mainsail, Version: 2.9.1, Type: web
2024-05-16 02:58:02,719 [authorization.py:_prune_conn_handler()] - Trusted Connection Expired, IP: 192.168.1.8
2024-05-16 06:52:51,041 [server.py:_handle_term_signal()] - Exiting with signal SIGTERM
2024-05-16 06:52:51,052 [websockets.py:on_close()] - Websocket Closed: ID: 548236165376 Close Code: None, Close Reason: None, Pong Time Elapsed: 10.06
2024-05-16 06:52:51,160 [websockets.py:on_close()] - Websocket Closed: ID: 548226174688 Close Code: 1001, Close Reason: Server Shutdown, Pong Time Elapsed: 0.88
2024-05-16 06:52:51,263 [klippy_connection.py:_on_connection_closed()] - Klippy Connection Removed
2024-05-16 06:52:52,606 [database.py:close()] - Database statistics:

announcements:
psize: 4096
depth: 0
branch_pages: 0
leaf_pages: 0
overflow_pages: 0
entries: 0
authorized_users:
psize: 4096
depth: 1
branch_pages: 0
leaf_pages: 1
overflow_pages: 0
entries: 1
gcode_metadata:
psize: 4096
depth: 1
branch_pages: 0
leaf_pages: 1
overflow_pages: 0
entries: 3
history:
psize: 4096
depth: 2
branch_pages: 1
leaf_pages: 4
overflow_pages: 0
entries: 12
mainsail:
psize: 4096
depth: 2
branch_pages: 1
leaf_pages: 2
overflow_pages: 0
entries: 9
moonraker:
psize: 4096
depth: 1
branch_pages: 0
leaf_pages: 1
overflow_pages: 0
entries: 7
update_manager:
psize: 4096
depth: 1
branch_pages: 0
leaf_pages: 1
overflow_pages: 6
entries: 5
2024-05-16 06:52:57,555 [server.py:main()] - Server Shutdown
-------------------- Log Start | Thu May 16 05:53:28 2024 --------------------
data_path: /home/pi/printer_data
is_default_data_path: False
config_file: /home/pi/printer_data/config/moonraker.conf
startup_warnings: []
verbose: False
debug: False
asyncio_debug: False
is_backup_config: False
is_python_package: True
instance_uuid: 215a8ff9406149558f7a7b86cec4267d
unix_socket_path: /home/pi/printer_data/comms/moonraker.sock
software_version: v0.8.0-268-ga23187b
git_branch: master
git_remote: origin
git_repo_url: https://github.com/Arksine/moonraker.git
modified_files: []
unofficial_components: []
log_file: /home/pi/printer_data/logs/moonraker.log
python_version: 3.9.2 (default, Feb 28 2021, 17:03:44)  [GCC 10.2.1 20210110]
launch_args: /home/pi/moonraker-env/bin/python /home/pi/moonraker/moonraker/__main__.py
msgspec_enabled: False
uvloop_enabled: False
2024-05-16 06:53:28,300 [confighelper.py:read_file()] - Configuration File '/home/pi/printer_data/config/moonraker.conf' parsed, total size: 1762 B
2024-05-16 06:53:28,301 [server.py:add_log_rollover_item()] - 
#################### Moonraker Configuration ####################

[server]
host = 0.0.0.0
port = 7125
enable_debug_logging = False
max_upload_size = 1024
klippy_uds_address = home/pi/printer_data/comms/klippy.sock

[file_manager]
config_path = ~/printer_data/config
enable_object_processing = True

[authorization]
cors_domains = 
	https://my.mainsail.xyz
	http://my.mainsail.xyz
	http://app.fluidd.xyz
	http://*.local
	http://*.lan
trusted_clients = 
	10.0.0.0/8
	127.0.0.0/8
	169.254.0.0/16
	172.16.0.0/12
	192.168.1.0/24
	172.16.0.0/24
	172.17.0.15:80
	FE80::/10
	::1/128

[octoprint_compat]

[history]

[update_manager]
refresh_interval = 168
enable_auto_refresh = True
enable_repo_debug = True

[update_manager mainsail]
type = web
repo = mainsail-crew/mainsail
path = ~/mainsail

[update_manager beacon]
type = git_repo
channel = dev
path = ~/beacon_klipper
origin = https://github.com/beacon3d/beacon_klipper.git
env = ~/klippy-env/bin/python
requirements = requirements.txt
install_script = install.sh
is_system_service = False
managed_services = klipper
info_tags = 
	desc=Beacon Surface Scanner

[wled lights]
type = http
address = 192.168.1.7
initial_preset = 2
initial_red = 1
initial_green = 1
initial_blue = 1
chain_count = 115

#################################################################
All Configuration Files:
/home/pi/printer_data/config/moonraker.conf
#################################################################
2024-05-16 06:53:28,302 [server.py:add_warning()] - [server]: Option 'enable_debug_logging' is deprecated, see the configuration documention at https://moonraker.readthedocs.io/en/latest/configuration/
2024-05-16 06:53:28,961 [server.py:load_component()] - Component (secrets) loaded
2024-05-16 06:53:28,978 [server.py:load_component()] - Component (template) loaded
2024-05-16 06:53:28,996 [server.py:load_component()] - Component (klippy_connection) loaded
2024-05-16 06:53:30,751 [server.py:load_component()] - Component (application) loaded
2024-05-16 06:53:30,818 [server.py:load_component()] - Component (websockets) loaded
2024-05-16 06:53:30,971 [server.py:load_component()] - Component (dbus_manager) loaded
2024-05-16 06:53:31,047 [server.py:add_log_rollover_item()] - 
Database Versions: pylmdb = 1.4.1, lmdb = (0, 9, 29)
Unsafe Shutdown Count: 4
2024-05-16 06:53:31,087 [server.py:load_component()] - Component (database) loaded
2024-05-16 06:53:31,140 [file_manager.py:__init__()] - Using File System Observer: inotify
2024-05-16 06:53:31,238 [server.py:add_warning()] - [file_manager]: Option 'config_path' is deprecated, see the configuration documention at https://moonraker.readthedocs.io/en/latest/configuration/
2024-05-16 06:53:31,256 [server.py:load_component()] - Component (file_manager) loaded
2024-05-16 06:53:31,278 [server.py:load_component()] - Component (klippy_apis) loaded
2024-05-16 06:53:31,866 [server.py:add_log_rollover_item()] - 
System Info:

***python***
  version: (3, 9, 2, 'final', 0)
  version_string: 3.9.2 (default, Feb 28 2021, 17:03:44)  [GCC 10.2.1 20210110]

***cpu_info***
  cpu_count: 4
  bits: 64bit
  processor: aarch64
  cpu_desc: 
  serial_number: 735411d3
  hardware_desc: BCM2835
  model: Raspberry Pi 3 Model B Plus Rev 1.3
  total_memory: 880332
  memory_units: kB

***sd_info***
  manufacturer_id: 27
  manufacturer: Unknown
  oem_id: 5048
  product_name: SD32G
  product_revision: 6.0
  serial_number: 79550c64
  manufacturer_date: 8/2021
  capacity: 28.8 GiB
  total_bytes: 30941380608

***distribution***
  name: Debian GNU/Linux 11 (bullseye)
  id: debian
  version: 11
  version_parts: {'major': '11', 'minor': '', 'build_number': ''}
  like: 
  codename: bullseye
  release_info: {'name': 'MainsailOS', 'version_id': '1.3.2', 'codename': 'bullseye', 'id': 'mainsailos'}

***virtualization***
  virt_type: none
  virt_identifier: none

***network***

***canbus***

***Allowed Services***
  klipper_mcu
  webcamd
  MoonCord
  KlipperScreen
  moonraker-telegram-bot
  moonraker-obico
  sonar
  crowsnest
  octoeverywhere
  ratos-configurator
2024-05-16 06:53:31,887 [server.py:load_component()] - Component (shell_command) loaded
2024-05-16 06:53:31,888 [machine.py:__init__()] - Using System Provider: systemd_dbus
2024-05-16 06:53:31,902 [server.py:load_component()] - Component (machine) loaded
2024-05-16 06:53:31,915 [server.py:load_component()] - Component (data_store) loaded
2024-05-16 06:53:31,939 [proc_stats.py:__init__()] - Detected 'vcgencmd', throttle checking enabled
2024-05-16 06:53:31,941 [server.py:load_component()] - Component (proc_stats) loaded
2024-05-16 06:53:31,950 [server.py:load_component()] - Component (job_state) loaded
2024-05-16 06:53:31,964 [server.py:load_component()] - Component (job_queue) loaded
2024-05-16 06:53:32,026 [server.py:load_component()] - Component (http_client) loaded
2024-05-16 06:53:32,042 [server.py:load_component()] - Component (announcements) loaded
2024-05-16 06:53:32,052 [server.py:load_component()] - Component (webcam) loaded
2024-05-16 06:53:32,066 [server.py:load_component()] - Component (extensions) loaded
2024-05-16 06:53:32,141 [server.py:add_warning()] - [authorization]: Invalid domain name '172.17.0.15:80' in option 'trusted_clients'
2024-05-16 06:53:32,143 [authorization.py:__init__()] - Authorization Configuration Loaded
Trusted Clients:
10.0.0.0/8
127.0.0.0/8
169.254.0.0/16
172.16.0.0/12
192.168.1.0/24
172.16.0.0/24
fe80::/10
::1/128
CORS Domains:
https://my\.mainsail\.xyz
http://my\.mainsail\.xyz
http://app\.fluidd\.xyz
http://.*\.local
http://.*\.lan
2024-05-16 06:53:32,153 [server.py:load_component()] - Component (authorization) loaded
2024-05-16 06:53:32,207 [wled.py:__init__()] - WLED component loading strips: ['wled lights']
2024-05-16 06:53:32,207 [wled.py:__init__()] - WLED strip: lights
2024-05-16 06:53:32,216 [server.py:load_component()] - Component (wled) loaded
2024-05-16 06:53:32,226 [server.py:load_component()] - Component (history) loaded
2024-05-16 06:53:32,347 [server.py:add_warning()] - [update_manager]: Option 'enable_repo_debug' is deprecated, see the configuration documention at https://moonraker.readthedocs.io/en/latest/configuration/
2024-05-16 06:53:32,353 [base_deploy.py:log_info()] - Git Repo moonraker: Detected virtualenv: /home/pi/moonraker-env
2024-05-16 06:53:32,390 [base_deploy.py:log_info()] - Git Repo klipper: Detected virtualenv: /home/pi/klippy-env
2024-05-16 06:53:32,396 [base_deploy.py:log_info()] - Git Repo beacon: Option 'env' is deprecated, use 'virtualenv' instead.
2024-05-16 06:53:32,398 [base_deploy.py:log_info()] - Git Repo beacon: Detected virtualenv: /home/pi/klippy-env
2024-05-16 06:53:32,407 [server.py:load_component()] - Component (update_manager) loaded
2024-05-16 06:53:32,421 [server.py:load_component()] - Component (octoprint_compat) loaded
2024-05-16 06:53:32,424 [server.py:_initialize_component()] - Performing Component Post Init: [dbus_manager]
2024-05-16 06:53:32,454 [server.py:_initialize_component()] - Performing Component Post Init: [file_manager]
2024-05-16 06:53:32,526 [server.py:_initialize_component()] - Performing Component Post Init: [machine]
2024-05-16 06:53:32,526 [machine.py:validation_init()] - Installation version in database up to date
2024-05-16 06:53:33,476 [machine.py:check_virt_status()] - No Virtualization Detected
2024-05-16 06:53:33,504 [machine.py:_find_public_ip()] - Detected Local IP: 192.168.1.28
2024-05-16 06:53:33,510 [webcam.py:_set_default_host_ip()] - Default public webcam address set: http://192.168.1.28
2024-05-16 06:53:33,644 [server.py:add_log_rollover_item()] - 
Systemd unit moonraker.service:
unit_name: moonraker.service
is_default: True
manager: systemd
Properties:
**Requires=['system.slice', 'network-online.target', 'sysinit.target']
**After=['system.slice', 'klipper.service', 'basic.target', 'systemd-journald.socket', 'sysinit.target', 'network-online.target']
**SupplementaryGroups=['moonraker-admin']
**EnvironmentFiles=/home/pi/printer_data/systemd/moonraker.env
**ExecStart=/home/pi/moonraker-env/bin/python $MOONRAKER_ARGS
**WorkingDirectory=
**FragmentPath=/etc/systemd/system/moonraker.service
**Description=API Server for Klipper SV1
**User=pi
2024-05-16 06:53:33,644 [server.py:_initialize_component()] - Performing Component Post Init: [proc_stats]
2024-05-16 06:53:33,645 [server.py:_initialize_component()] - Performing Component Post Init: [announcements]
2024-05-16 06:53:33,651 [server.py:_initialize_component()] - Performing Component Post Init: [webcam]
2024-05-16 06:53:33,651 [webcam.py:_set_default_host_ip()] - Default public webcam address set: http://192.168.1.28
2024-05-16 06:53:33,653 [server.py:_initialize_component()] - Performing Component Post Init: [klippy_connection]
2024-05-16 06:53:33,654 [server.py:add_log_rollover_item()] - 
Systemd unit klipper.service:
unit_name: klipper.service
is_default: True
manager: systemd
Properties:
**Requires=['sysinit.target', 'system.slice', '-.mount']
**After=['-.mount', 'system.slice', 'network-online.target', 'basic.target', 'sysinit.target', 'systemd-journald.socket']
**SupplementaryGroups=[]
**EnvironmentFiles=/home/pi/printer_data/systemd/klipper.env
**ExecStart=/home/pi/klippy-env/bin/python $KLIPPER_ARGS
**WorkingDirectory=/home/pi/klipper
**FragmentPath=/etc/systemd/system/klipper.service
**Description=Klipper 3D Printer Firmware SV1
**User=pi
2024-05-16 06:53:33,654 [server.py:_initialize_component()] - Performing Component Post Init: [authorization]
2024-05-16 06:53:33,654 [server.py:_initialize_component()] - Performing Component Post Init: [wled]
2024-05-16 06:53:33,656 [server.py:_initialize_component()] - Performing Component Post Init: [history]
2024-05-16 06:53:33,659 [server.py:_initialize_component()] - Performing Component Post Init: [update_manager]
2024-05-16 06:53:34,833 [base_deploy.py:log_info()] - PackageDeploy: PackageKit Provider Configured
2024-05-16 06:53:34,883 [git_deploy.py:log_repo_info()] - Git Repo moonraker Detected:
Owner: Arksine
Repository Name: moonraker
Path: /home/pi/moonraker
Remote: origin
Branch: master
Remote URL: https://github.com/Arksine/moonraker.git
Recovery URL: https://github.com/Arksine/moonraker.git
Current Commit SHA: a23187b4afa632da8a90cb9eae83f0f6a5eec903
Upstream Commit SHA: ba9428558adc70ed8cb3cdcea1723358ead23741
Current Version: v0.8.0-268-ga23187b4
Upstream Version: v0.8.0-354-gba942855
Rollback Commit: a23187b4afa632da8a90cb9eae83f0f6a5eec903
Rollback Branch: master
Rollback Version: v0.8.0-268-ga23187b4
Is Dirty: False
Is Detached: False
Is Shallow: False
Commits Behind Count: 86
Diverged: False
Repo Warnings:
  Repo has untracked source files: ['moonraker/components/timelapse.py']
  Multiple instances of Moonraker managing this repo:
  moonraker@37c893792c5e4af3a65b8dfa892580af
  moonraker@215a8ff9406149558f7a7b86cec4267d
2024-05-16 06:53:34,938 [git_deploy.py:log_repo_info()] - Git Repo klipper Detected:
Owner: Klipper3d
Repository Name: klipper
Path: /home/pi/klipper
Remote: origin
Branch: master
Remote URL: https://github.com/Klipper3d/klipper.git
Recovery URL: https://github.com/Klipper3d/klipper.git
Current Commit SHA: d785b396a72b57c073ce5bdf7a9d5e9fe39fc914
Upstream Commit SHA: 434770eaf9d382cccba203a3475ace2dc0653d7b
Current Version: v0.12.0-85-gd785b396
Upstream Version: v0.12.0-179-g434770ea
Rollback Commit: d785b396a72b57c073ce5bdf7a9d5e9fe39fc914
Rollback Branch: master
Rollback Version: v0.12.0-85-gd785b396
Is Dirty: False
Is Detached: False
Is Shallow: False
Commits Behind Count: 94
Diverged: False
Repo Warnings:
  Multiple instances of Moonraker managing this repo:
  moonraker@37c893792c5e4af3a65b8dfa892580af
  moonraker@215a8ff9406149558f7a7b86cec4267d
2024-05-16 06:53:34,954 [web_deploy.py:_log_client_info()] - Web Client mainsail Detected:
Repo: mainsail-crew/mainsail
Channel: stable
Path: /home/pi/mainsail
Local Version: v2.9.1
Remote Version: v2.11.2
Valid: True
Fallback Client Detected: False
Pre-release: False
Download Url: https://github.com/mainsail-crew/mainsail/releases/download/v2.11.2/mainsail.zip
Download Size: 2114797
Content Type: application/zip
Rollback Version: v2.9.1
Rollback Repo: mainsail-crew/mainsail
2024-05-16 06:53:35,018 [git_deploy.py:log_repo_info()] - Git Repo beacon Detected:
Owner: beacon3d
Repository Name: beacon_klipper
Path: /home/pi/beacon_klipper
Remote: origin
Branch: master
Remote URL: https://github.com/beacon3d/beacon_klipper.git
Recovery URL: https://github.com/beacon3d/beacon_klipper.git
Current Commit SHA: b89bbbec0d94c92ba709a1da283afd0a5eb2c19e
Upstream Commit SHA: b89bbbec0d94c92ba709a1da283afd0a5eb2c19e
Current Version: v1.0.0-35-gb89bbbec
Upstream Version: v1.0.0-35-gb89bbbec
Rollback Commit: b89bbbec0d94c92ba709a1da283afd0a5eb2c19e
Rollback Branch: master
Rollback Version: v1.0.0-35-gb89bbbec
Is Dirty: False
Is Detached: False
Is Shallow: False
Commits Behind Count: 0
Diverged: False
Repo Warnings:
  Multiple instances of Moonraker managing this repo:
  moonraker@37c893792c5e4af3a65b8dfa892580af
  moonraker@215a8ff9406149558f7a7b86cec4267d
2024-05-16 06:53:35,022 [extensions.py:start_unix_server()] - Creating Unix Domain Socket at '/home/pi/printer_data/comms/moonraker.sock'
2024-05-16 06:53:35,025 [base_deploy.py:log_info()] - PackageKit: Next refresh in: 2 Days, 23 Hours, 56 Minutes, 31 Seconds
2024-05-16 06:53:35,025 [base_deploy.py:log_info()] - Git Repo moonraker: Next refresh in: 2 Days, 23 Hours, 56 Minutes, 43 Seconds
2024-05-16 06:53:35,025 [base_deploy.py:log_info()] - Git Repo klipper: Next refresh in: 2 Days, 23 Hours, 56 Minutes, 54 Seconds
2024-05-16 06:53:35,025 [base_deploy.py:log_info()] - Web Client mainsail: Next refresh in: 3 Days, 9 Hours, 1 Minute, 5 Seconds
2024-05-16 06:53:35,026 [base_deploy.py:log_info()] - Git Repo beacon: Next refresh in: 3 Days, 9 Hours, 15 Minutes, 40 Seconds
2024-05-16 06:53:35,026 [server.py:start_server()] - Starting Moonraker on (0.0.0.0, 7125), Hostname: mainsailos
2024-05-16 06:53:35,030 [application.py:listen()] - SSL Certificate/Key not configured, aborting HTTPS Server startup
2024-05-16 06:53:35,283 [klippy_connection.py:_do_connect()] - Klippy Connection Established
2024-05-16 06:53:35,406 [server.py:add_log_rollover_item()] - 
Systemd unit klipper.service:
unit_name: klipper.service
is_default: True
manager: systemd
Properties:
**Requires=['system.slice', 'sysinit.target', '-.mount']
**After=['basic.target', 'system.slice', 'network-online.target', '-.mount', 'sysinit.target', 'systemd-journald.socket']
**SupplementaryGroups=[]
**EnvironmentFiles=/home/pi/printer_data/systemd/klipper.env
**ExecStart=/home/pi/klippy-env/bin/python $KLIPPER_ARGS
**WorkingDirectory=/home/pi/klipper
**FragmentPath=/etc/systemd/system/klipper.service
**Description=Klipper 3D Printer Firmware SV1
**User=pi
2024-05-16 06:53:35,662 [server.py:add_log_rollover_item()] - Klipper Version: v0.12.0-85-gd785b396-dirty
2024-05-16 06:53:35,986 [authorization.py:_check_trusted_connection()] - Trusted Connection Detected, IP: 127.0.0.1
2024-05-16 06:53:36,012 [application.py:log_request()] - 101 GET /websocket?token= (127.0.0.1) [_TRUSTED_USER_] 4.47ms
2024-05-16 06:53:36,014 [websockets.py:open()] - Websocket Opened: ID: 547585879920, Proxied: False, User Agent: , Host Name: 127.0.0.1
2024-05-16 06:53:36,023 [authorization.py:_check_trusted_connection()] - Trusted Connection Detected, IP: 192.168.1.127
2024-05-16 06:53:36,026 [application.py:log_request()] - 101 GET /websocket (192.168.1.127) [_TRUSTED_USER_] 8.11ms
2024-05-16 06:53:36,027 [websockets.py:open()] - Websocket Opened: ID: 547585926288, Proxied: True, User Agent: Mozilla/5.0 (Windows NT 10.0; Win64; x64) AppleWebKit/537.36 (KHTML, like Gecko) Chrome/124.0.0.0 Safari/537.36, Host Name: 192.168.1.28
2024-05-16 06:53:36,042 [websockets.py:_handle_identify()] - Websocket 547585926288 Client Identified - Name: mainsail, Version: 2.9.1, Type: web
2024-05-16 06:53:36,671 [websockets.py:_handle_identify()] - Websocket 547585879920 Client Identified - Name: KlipperScreen, Version: v0.4.0-73-g1afc67b, Type: display
2024-05-16 06:53:37,312 [authorization.py:_check_trusted_connection()] - Trusted Connection Detected, IP: 192.168.1.149
2024-05-16 06:53:40,209 [klippy_connection.py:_request_initial_subscriptions()] - Webhooks Subscribed
2024-05-16 06:53:40,232 [klippy_connection.py:_request_initial_subscriptions()] - GCode Output Subscribed
2024-05-16 06:53:40,283 [file_manager.py:get_file_list()] - Updating File List <gcodes>...
2024-05-16 06:53:40,468 [job_state.py:_handle_started()] - Job state initialized: standby
2024-05-16 06:53:40,747 [klippy_connection.py:_check_ready()] - Klippy ready
2024-05-16 06:53:56,003 [data_store.py:_init_sensors()] - Configuring available sensors: ['heater_bed', 'temperature_sensor mcu', 'temperature_sensor raspi', 'temperature_sensor toolhead', 'temperature_sensor chamber', 'temperature_sensor beacon_coil', 'extruder']
